2024-06-03T10:34:40.683+09:00  INFO 13800 --- [restartedMain] solekia.CtoC.CtoCApplication             : Starting CtoCApplication using Java 21.0.3 with PID 13800 (C:\Users\3004\Desktop\CtoC\CtoC\bin\main started by 3004 in C:\Users\3004\Desktop\CtoC\CtoC)
2024-06-03T10:34:40.698+09:00 DEBUG 13800 --- [restartedMain] solekia.CtoC.CtoCApplication             : Running with Spring Boot v3.2.6, Spring v6.1.8
2024-06-03T10:34:40.701+09:00  INFO 13800 --- [restartedMain] solekia.CtoC.CtoCApplication             : No active profile set, falling back to 1 default profile: "default"
2024-06-03T10:34:40.773+09:00  INFO 13800 --- [restartedMain] .e.DevToolsPropertyDefaultsPostProcessor : Devtools property defaults active! Set 'spring.devtools.add-properties' to 'false' to disable
2024-06-03T10:34:40.774+09:00  INFO 13800 --- [restartedMain] .e.DevToolsPropertyDefaultsPostProcessor : For additional web related logging consider setting the 'logging.level.web' property to 'DEBUG'
2024-06-03T10:34:41.732+09:00  INFO 13800 --- [restartedMain] .s.d.r.c.RepositoryConfigurationDelegate : Bootstrapping Spring Data JDBC repositories in DEFAULT mode.
2024-06-03T10:34:41.744+09:00  INFO 13800 --- [restartedMain] .s.d.r.c.RepositoryConfigurationDelegate : Finished Spring Data repository scanning in 5 ms. Found 0 JDBC repository interfaces.
2024-06-03T10:34:41.903+09:00  WARN 13800 --- [restartedMain] o.m.s.mapper.ClassPathMapperScanner      : No MyBatis mapper was found in '[solekia.CtoC]' package. Please check your configuration.
2024-06-03T10:34:41.984+09:00  INFO 13800 --- [restartedMain] o.s.cloud.context.scope.GenericScope     : BeanFactory id=671db33d-0e27-3199-b6d9-533e05a35fbe
2024-06-03T10:34:42.558+09:00  INFO 13800 --- [restartedMain] o.s.b.w.embedded.tomcat.TomcatWebServer  : Tomcat initialized with port 8080 (http)
2024-06-03T10:34:42.572+09:00  INFO 13800 --- [restartedMain] o.apache.catalina.core.StandardService   : Starting service [Tomcat]
2024-06-03T10:34:42.573+09:00  INFO 13800 --- [restartedMain] o.apache.catalina.core.StandardEngine    : Starting Servlet engine: [Apache Tomcat/10.1.24]
2024-06-03T10:34:42.620+09:00  INFO 13800 --- [restartedMain] o.a.c.c.C.[Tomcat].[localhost].[/]       : Initializing Spring embedded WebApplicationContext
2024-06-03T10:34:42.621+09:00  INFO 13800 --- [restartedMain] w.s.c.ServletWebServerApplicationContext : Root WebApplicationContext: initialization completed in 1845 ms
2024-06-03T10:34:43.732+09:00  INFO 13800 --- [restartedMain] com.zaxxer.hikari.HikariDataSource       : HikariPool-1 - Starting...
2024-06-03T10:34:44.030+09:00  INFO 13800 --- [restartedMain] com.zaxxer.hikari.pool.HikariPool        : HikariPool-1 - Added connection org.postgresql.jdbc.PgConnection@34acebe4
2024-06-03T10:34:44.032+09:00  INFO 13800 --- [restartedMain] com.zaxxer.hikari.HikariDataSource       : HikariPool-1 - Start completed.
2024-06-03T10:34:44.276+09:00  INFO 13800 --- [restartedMain] o.s.b.d.a.OptionalLiveReloadServer       : LiveReload server is running on port 35729
2024-06-03T10:34:44.500+09:00  INFO 13800 --- [restartedMain] o.s.b.w.embedded.tomcat.TomcatWebServer  : Tomcat started on port 8080 (http) with context path ''
2024-06-03T10:34:44.532+09:00  INFO 13800 --- [restartedMain] solekia.CtoC.CtoCApplication             : Started CtoCApplication in 4.294 seconds (process running for 5.2)
2024-06-03T10:43:31.164+09:00  INFO 15484 --- [restartedMain] solekia.CtoC.CtoCApplication             : Starting CtoCApplication using Java 21.0.3 with PID 15484 (C:\Users\3004\Desktop\CtoC\CtoC\bin\main started by 3004 in C:\Users\3004\Desktop\CtoC\CtoC)
2024-06-03T10:43:31.167+09:00 DEBUG 15484 --- [restartedMain] solekia.CtoC.CtoCApplication             : Running with Spring Boot v3.2.6, Spring v6.1.8
2024-06-03T10:43:31.169+09:00  INFO 15484 --- [restartedMain] solekia.CtoC.CtoCApplication             : No active profile set, falling back to 1 default profile: "default"
2024-06-03T10:43:31.249+09:00  INFO 15484 --- [restartedMain] .e.DevToolsPropertyDefaultsPostProcessor : Devtools property defaults active! Set 'spring.devtools.add-properties' to 'false' to disable
2024-06-03T10:43:31.250+09:00  INFO 15484 --- [restartedMain] .e.DevToolsPropertyDefaultsPostProcessor : For additional web related logging consider setting the 'logging.level.web' property to 'DEBUG'
2024-06-03T10:43:32.163+09:00  INFO 15484 --- [restartedMain] .s.d.r.c.RepositoryConfigurationDelegate : Bootstrapping Spring Data JDBC repositories in DEFAULT mode.
2024-06-03T10:43:32.177+09:00  INFO 15484 --- [restartedMain] .s.d.r.c.RepositoryConfigurationDelegate : Finished Spring Data repository scanning in 7 ms. Found 0 JDBC repository interfaces.
2024-06-03T10:43:32.316+09:00  WARN 15484 --- [restartedMain] o.m.s.mapper.ClassPathMapperScanner      : No MyBatis mapper was found in '[solekia.CtoC]' package. Please check your configuration.
2024-06-03T10:43:32.399+09:00  INFO 15484 --- [restartedMain] o.s.cloud.context.scope.GenericScope     : BeanFactory id=671db33d-0e27-3199-b6d9-533e05a35fbe
2024-06-03T10:43:32.978+09:00  INFO 15484 --- [restartedMain] o.s.b.w.embedded.tomcat.TomcatWebServer  : Tomcat initialized with port 8080 (http)
2024-06-03T10:43:32.991+09:00  INFO 15484 --- [restartedMain] o.apache.catalina.core.StandardService   : Starting service [Tomcat]
2024-06-03T10:43:32.992+09:00  INFO 15484 --- [restartedMain] o.apache.catalina.core.StandardEngine    : Starting Servlet engine: [Apache Tomcat/10.1.24]
2024-06-03T10:43:33.033+09:00  INFO 15484 --- [restartedMain] o.a.c.c.C.[Tomcat].[localhost].[/]       : Initializing Spring embedded WebApplicationContext
2024-06-03T10:43:33.034+09:00  INFO 15484 --- [restartedMain] w.s.c.ServletWebServerApplicationContext : Root WebApplicationContext: initialization completed in 1783 ms
2024-06-03T10:43:34.068+09:00  INFO 15484 --- [restartedMain] com.zaxxer.hikari.HikariDataSource       : HikariPool-1 - Starting...
2024-06-03T10:43:34.367+09:00  INFO 15484 --- [restartedMain] com.zaxxer.hikari.pool.HikariPool        : HikariPool-1 - Added connection org.postgresql.jdbc.PgConnection@5b6bf741
2024-06-03T10:43:34.370+09:00  INFO 15484 --- [restartedMain] com.zaxxer.hikari.HikariDataSource       : HikariPool-1 - Start completed.
2024-06-03T10:43:34.647+09:00  INFO 15484 --- [restartedMain] o.s.b.d.a.OptionalLiveReloadServer       : LiveReload server is running on port 35729
2024-06-03T10:43:34.804+09:00  INFO 15484 --- [restartedMain] o.s.b.w.embedded.tomcat.TomcatWebServer  : Tomcat started on port 8080 (http) with context path ''
2024-06-03T10:43:34.830+09:00  INFO 15484 --- [restartedMain] solekia.CtoC.CtoCApplication             : Started CtoCApplication in 4.138 seconds (process running for 4.966)
2024-06-03T10:46:02.775+09:00  INFO 15484 --- [http-nio-8080-exec-1] o.a.c.c.C.[Tomcat].[localhost].[/]       : Initializing Spring DispatcherServlet 'dispatcherServlet'
2024-06-03T10:46:02.776+09:00  INFO 15484 --- [http-nio-8080-exec-1] o.s.web.servlet.DispatcherServlet        : Initializing Servlet 'dispatcherServlet'
2024-06-03T10:46:02.778+09:00  INFO 15484 --- [http-nio-8080-exec-1] o.s.web.servlet.DispatcherServlet        : Completed initialization in 1 ms
2024-06-03T13:30:15.288+09:00  INFO 15484 --- [File Watcher] rtingClassPathChangeChangedEventListener : Restarting due to 2 class path changes (1 addition, 1 deletion, 0 modifications)
2024-06-03T13:30:15.309+09:00  INFO 15484 --- [Thread-6] com.zaxxer.hikari.HikariDataSource       : HikariPool-1 - Shutdown initiated...
2024-06-03T13:30:15.316+09:00  INFO 15484 --- [Thread-6] com.zaxxer.hikari.HikariDataSource       : HikariPool-1 - Shutdown completed.
2024-06-03T13:30:15.471+09:00  INFO 15484 --- [restartedMain] solekia.CtoC.CtoCApplication             : Starting CtoCApplication using Java 21.0.3 with PID 15484 (C:\Users\3004\Desktop\CtoC\CtoC\bin\main started by 3004 in C:\Users\3004\Desktop\CtoC\CtoC)
2024-06-03T13:30:15.472+09:00 DEBUG 15484 --- [restartedMain] solekia.CtoC.CtoCApplication             : Running with Spring Boot v3.2.6, Spring v6.1.8
2024-06-03T13:30:15.473+09:00  INFO 15484 --- [restartedMain] solekia.CtoC.CtoCApplication             : No active profile set, falling back to 1 default profile: "default"
2024-06-03T13:30:15.928+09:00  INFO 15484 --- [restartedMain] .s.d.r.c.RepositoryConfigurationDelegate : Bootstrapping Spring Data JDBC repositories in DEFAULT mode.
2024-06-03T13:30:15.930+09:00  INFO 15484 --- [restartedMain] .s.d.r.c.RepositoryConfigurationDelegate : Finished Spring Data repository scanning in 1 ms. Found 0 JDBC repository interfaces.
2024-06-03T13:30:15.998+09:00  WARN 15484 --- [restartedMain] o.m.s.mapper.ClassPathMapperScanner      : No MyBatis mapper was found in '[solekia.CtoC]' package. Please check your configuration.
2024-06-03T13:30:16.007+09:00  INFO 15484 --- [restartedMain] o.s.cloud.context.scope.GenericScope     : BeanFactory id=671db33d-0e27-3199-b6d9-533e05a35fbe
2024-06-03T13:30:16.091+09:00  INFO 15484 --- [restartedMain] o.s.b.w.embedded.tomcat.TomcatWebServer  : Tomcat initialized with port 8080 (http)
2024-06-03T13:30:16.095+09:00  INFO 15484 --- [restartedMain] o.apache.catalina.core.StandardService   : Starting service [Tomcat]
2024-06-03T13:30:16.096+09:00  INFO 15484 --- [restartedMain] o.apache.catalina.core.StandardEngine    : Starting Servlet engine: [Apache Tomcat/10.1.24]
2024-06-03T13:30:16.116+09:00  INFO 15484 --- [restartedMain] o.a.c.c.C.[Tomcat].[localhost].[/]       : Initializing Spring embedded WebApplicationContext
2024-06-03T13:30:16.117+09:00  INFO 15484 --- [restartedMain] w.s.c.ServletWebServerApplicationContext : Root WebApplicationContext: initialization completed in 636 ms
2024-06-03T13:30:16.329+09:00  INFO 15484 --- [restartedMain] com.zaxxer.hikari.HikariDataSource       : HikariPool-2 - Starting...
2024-06-03T13:30:16.389+09:00  INFO 15484 --- [restartedMain] com.zaxxer.hikari.pool.HikariPool        : HikariPool-2 - Added connection org.postgresql.jdbc.PgConnection@73183455
2024-06-03T13:30:16.390+09:00  INFO 15484 --- [restartedMain] com.zaxxer.hikari.HikariDataSource       : HikariPool-2 - Start completed.
2024-06-03T13:30:16.432+09:00  INFO 15484 --- [restartedMain] o.s.b.d.a.OptionalLiveReloadServer       : LiveReload server is running on port 35729
2024-06-03T13:30:16.481+09:00  INFO 15484 --- [restartedMain] o.s.b.w.embedded.tomcat.TomcatWebServer  : Tomcat started on port 8080 (http) with context path ''
2024-06-03T13:30:16.487+09:00  INFO 15484 --- [restartedMain] solekia.CtoC.CtoCApplication             : Started CtoCApplication in 1.097 seconds (process running for 10006.623)
2024-06-03T13:30:16.492+09:00  INFO 15484 --- [restartedMain] .ConditionEvaluationDeltaLoggingListener : Condition evaluation unchanged
2024-06-03T13:30:25.356+09:00  INFO 15484 --- [File Watcher] rtingClassPathChangeChangedEventListener : Restarting due to 2 class path changes (1 addition, 1 deletion, 0 modifications)
2024-06-03T13:30:25.365+09:00  INFO 15484 --- [Thread-9] com.zaxxer.hikari.HikariDataSource       : HikariPool-2 - Shutdown initiated...
2024-06-03T13:30:25.369+09:00  INFO 15484 --- [Thread-9] com.zaxxer.hikari.HikariDataSource       : HikariPool-2 - Shutdown completed.
2024-06-03T13:30:25.442+09:00  INFO 15484 --- [restartedMain] solekia.CtoC.CtoCApplication             : Starting CtoCApplication using Java 21.0.3 with PID 15484 (C:\Users\3004\Desktop\CtoC\CtoC\bin\main started by 3004 in C:\Users\3004\Desktop\CtoC\CtoC)
2024-06-03T13:30:25.444+09:00 DEBUG 15484 --- [restartedMain] solekia.CtoC.CtoCApplication             : Running with Spring Boot v3.2.6, Spring v6.1.8
2024-06-03T13:30:25.445+09:00  INFO 15484 --- [restartedMain] solekia.CtoC.CtoCApplication             : No active profile set, falling back to 1 default profile: "default"
2024-06-03T13:30:25.706+09:00  INFO 15484 --- [restartedMain] .s.d.r.c.RepositoryConfigurationDelegate : Bootstrapping Spring Data JDBC repositories in DEFAULT mode.
2024-06-03T13:30:25.708+09:00  INFO 15484 --- [restartedMain] .s.d.r.c.RepositoryConfigurationDelegate : Finished Spring Data repository scanning in 1 ms. Found 0 JDBC repository interfaces.
2024-06-03T13:30:25.758+09:00  WARN 15484 --- [restartedMain] o.m.s.mapper.ClassPathMapperScanner      : No MyBatis mapper was found in '[solekia.CtoC]' package. Please check your configuration.
2024-06-03T13:30:25.763+09:00  INFO 15484 --- [restartedMain] o.s.cloud.context.scope.GenericScope     : BeanFactory id=671db33d-0e27-3199-b6d9-533e05a35fbe
2024-06-03T13:30:25.801+09:00  INFO 15484 --- [restartedMain] o.s.b.w.embedded.tomcat.TomcatWebServer  : Tomcat initialized with port 8080 (http)
2024-06-03T13:30:25.802+09:00  INFO 15484 --- [restartedMain] o.apache.catalina.core.StandardService   : Starting service [Tomcat]
2024-06-03T13:30:25.803+09:00  INFO 15484 --- [restartedMain] o.apache.catalina.core.StandardEngine    : Starting Servlet engine: [Apache Tomcat/10.1.24]
2024-06-03T13:30:25.818+09:00  INFO 15484 --- [restartedMain] o.a.c.c.C.[Tomcat].[localhost].[/]       : Initializing Spring embedded WebApplicationContext
2024-06-03T13:30:25.819+09:00  INFO 15484 --- [restartedMain] w.s.c.ServletWebServerApplicationContext : Root WebApplicationContext: initialization completed in 370 ms
2024-06-03T13:30:25.906+09:00  INFO 15484 --- [restartedMain] com.zaxxer.hikari.HikariDataSource       : HikariPool-3 - Starting...
2024-06-03T13:30:25.941+09:00  INFO 15484 --- [restartedMain] com.zaxxer.hikari.pool.HikariPool        : HikariPool-3 - Added connection org.postgresql.jdbc.PgConnection@73c4caa9
2024-06-03T13:30:25.942+09:00  INFO 15484 --- [restartedMain] com.zaxxer.hikari.HikariDataSource       : HikariPool-3 - Start completed.
2024-06-03T13:30:25.954+09:00  INFO 15484 --- [restartedMain] o.s.b.d.a.OptionalLiveReloadServer       : LiveReload server is running on port 35729
2024-06-03T13:30:25.986+09:00  INFO 15484 --- [restartedMain] o.s.b.w.embedded.tomcat.TomcatWebServer  : Tomcat started on port 8080 (http) with context path ''
2024-06-03T13:30:25.991+09:00  INFO 15484 --- [restartedMain] solekia.CtoC.CtoCApplication             : Started CtoCApplication in 0.577 seconds (process running for 10016.127)
2024-06-03T13:30:25.993+09:00  INFO 15484 --- [restartedMain] .ConditionEvaluationDeltaLoggingListener : Condition evaluation unchanged
2024-06-03T13:32:11.010+09:00  INFO 14584 --- [restartedMain] solekia.CtoC.CtoCApplication             : Starting CtoCApplication using Java 21.0.3 with PID 14584 (C:\Users\3004\Desktop\CtoC\CtoC\bin\main started by 3004 in C:\Users\3004\Desktop\CtoC\CtoC)
2024-06-03T13:32:11.014+09:00 DEBUG 14584 --- [restartedMain] solekia.CtoC.CtoCApplication             : Running with Spring Boot v3.2.6, Spring v6.1.8
2024-06-03T13:32:11.016+09:00  INFO 14584 --- [restartedMain] solekia.CtoC.CtoCApplication             : No active profile set, falling back to 1 default profile: "default"
2024-06-03T13:32:11.104+09:00  INFO 14584 --- [restartedMain] .e.DevToolsPropertyDefaultsPostProcessor : Devtools property defaults active! Set 'spring.devtools.add-properties' to 'false' to disable
2024-06-03T13:32:11.106+09:00  INFO 14584 --- [restartedMain] .e.DevToolsPropertyDefaultsPostProcessor : For additional web related logging consider setting the 'logging.level.web' property to 'DEBUG'
2024-06-03T13:32:12.317+09:00  INFO 14584 --- [restartedMain] .s.d.r.c.RepositoryConfigurationDelegate : Bootstrapping Spring Data JDBC repositories in DEFAULT mode.
2024-06-03T13:32:12.332+09:00  INFO 14584 --- [restartedMain] .s.d.r.c.RepositoryConfigurationDelegate : Finished Spring Data repository scanning in 7 ms. Found 0 JDBC repository interfaces.
2024-06-03T13:32:12.505+09:00  WARN 14584 --- [restartedMain] o.m.s.mapper.ClassPathMapperScanner      : No MyBatis mapper was found in '[solekia.CtoC]' package. Please check your configuration.
2024-06-03T13:32:12.604+09:00  INFO 14584 --- [restartedMain] o.s.cloud.context.scope.GenericScope     : BeanFactory id=671db33d-0e27-3199-b6d9-533e05a35fbe
2024-06-03T13:32:13.348+09:00  INFO 14584 --- [restartedMain] o.s.b.w.embedded.tomcat.TomcatWebServer  : Tomcat initialized with port 8080 (http)
2024-06-03T13:32:13.373+09:00  INFO 14584 --- [restartedMain] o.apache.catalina.core.StandardService   : Starting service [Tomcat]
2024-06-03T13:32:13.375+09:00  INFO 14584 --- [restartedMain] o.apache.catalina.core.StandardEngine    : Starting Servlet engine: [Apache Tomcat/10.1.24]
2024-06-03T13:32:13.449+09:00  INFO 14584 --- [restartedMain] o.a.c.c.C.[Tomcat].[localhost].[/]       : Initializing Spring embedded WebApplicationContext
2024-06-03T13:32:13.451+09:00  INFO 14584 --- [restartedMain] w.s.c.ServletWebServerApplicationContext : Root WebApplicationContext: initialization completed in 2342 ms
2024-06-03T13:32:14.885+09:00  INFO 14584 --- [restartedMain] com.zaxxer.hikari.HikariDataSource       : HikariPool-1 - Starting...
2024-06-03T13:32:15.231+09:00  INFO 14584 --- [restartedMain] com.zaxxer.hikari.pool.HikariPool        : HikariPool-1 - Added connection org.postgresql.jdbc.PgConnection@601c8f42
2024-06-03T13:32:15.234+09:00  INFO 14584 --- [restartedMain] com.zaxxer.hikari.HikariDataSource       : HikariPool-1 - Start completed.
2024-06-03T13:32:15.699+09:00  INFO 14584 --- [restartedMain] o.s.b.d.a.OptionalLiveReloadServer       : LiveReload server is running on port 35729
2024-06-03T13:32:15.965+09:00  INFO 14584 --- [restartedMain] o.s.b.w.embedded.tomcat.TomcatWebServer  : Tomcat started on port 8080 (http) with context path ''
2024-06-03T13:32:16.003+09:00  INFO 14584 --- [restartedMain] solekia.CtoC.CtoCApplication             : Started CtoCApplication in 5.611 seconds (process running for 6.936)
2024-06-03T13:33:13.930+09:00  INFO 14584 --- [File Watcher] rtingClassPathChangeChangedEventListener : Restarting due to 1 class path change (1 addition, 0 deletions, 0 modifications)
2024-06-03T13:33:13.949+09:00  INFO 14584 --- [Thread-6] com.zaxxer.hikari.HikariDataSource       : HikariPool-1 - Shutdown initiated...
2024-06-03T13:33:13.959+09:00  INFO 14584 --- [Thread-6] com.zaxxer.hikari.HikariDataSource       : HikariPool-1 - Shutdown completed.
2024-06-03T13:33:14.057+09:00  INFO 14584 --- [restartedMain] solekia.CtoC.CtoCApplication             : Starting CtoCApplication using Java 21.0.3 with PID 14584 (C:\Users\3004\Desktop\CtoC\CtoC\bin\main started by 3004 in C:\Users\3004\Desktop\CtoC\CtoC)
2024-06-03T13:33:14.059+09:00 DEBUG 14584 --- [restartedMain] solekia.CtoC.CtoCApplication             : Running with Spring Boot v3.2.6, Spring v6.1.8
2024-06-03T13:33:14.060+09:00  INFO 14584 --- [restartedMain] solekia.CtoC.CtoCApplication             : No active profile set, falling back to 1 default profile: "default"
2024-06-03T13:33:14.413+09:00  INFO 14584 --- [restartedMain] .s.d.r.c.RepositoryConfigurationDelegate : Bootstrapping Spring Data JDBC repositories in DEFAULT mode.
2024-06-03T13:33:14.416+09:00  INFO 14584 --- [restartedMain] .s.d.r.c.RepositoryConfigurationDelegate : Finished Spring Data repository scanning in 1 ms. Found 0 JDBC repository interfaces.
2024-06-03T13:33:14.507+09:00  WARN 14584 --- [restartedMain] o.m.s.mapper.ClassPathMapperScanner      : No MyBatis mapper was found in '[solekia.CtoC]' package. Please check your configuration.
2024-06-03T13:33:14.521+09:00  INFO 14584 --- [restartedMain] o.s.cloud.context.scope.GenericScope     : BeanFactory id=64b29f88-b532-3ac2-84f6-0ca3cd6778df
2024-06-03T13:33:14.587+09:00  INFO 14584 --- [restartedMain] o.s.b.w.embedded.tomcat.TomcatWebServer  : Tomcat initialized with port 8080 (http)
2024-06-03T13:33:14.589+09:00  INFO 14584 --- [restartedMain] o.apache.catalina.core.StandardService   : Starting service [Tomcat]
2024-06-03T13:33:14.591+09:00  INFO 14584 --- [restartedMain] o.apache.catalina.core.StandardEngine    : Starting Servlet engine: [Apache Tomcat/10.1.24]
2024-06-03T13:33:14.613+09:00  INFO 14584 --- [restartedMain] o.a.c.c.C.[Tomcat].[localhost].[/]       : Initializing Spring embedded WebApplicationContext
2024-06-03T13:33:14.614+09:00  INFO 14584 --- [restartedMain] w.s.c.ServletWebServerApplicationContext : Root WebApplicationContext: initialization completed in 550 ms
2024-06-03T13:33:14.626+09:00  WARN 14584 --- [restartedMain] ConfigServletWebServerApplicationContext : Exception encountered during context initialization - cancelling refresh attempt: org.springframework.beans.factory.BeanCreationException: Error creating bean with name 'furimaController': Lookup method resolution failed
2024-06-03T13:33:14.629+09:00  INFO 14584 --- [restartedMain] o.apache.catalina.core.StandardService   : Stopping service [Tomcat]
2024-06-03T13:33:14.635+09:00  INFO 14584 --- [restartedMain] .s.b.a.l.ConditionEvaluationReportLogger : 

Error starting ApplicationContext. To display the condition evaluation report re-run your application with 'debug' enabled.
2024-06-03T13:33:14.664+09:00 ERROR 14584 --- [restartedMain] o.s.boot.SpringApplication               : Application run failed

org.springframework.beans.factory.BeanCreationException: Error creating bean with name 'furimaController': Lookup method resolution failed
	at org.springframework.beans.factory.annotation.AutowiredAnnotationBeanPostProcessor.checkLookupMethods(AutowiredAnnotationBeanPostProcessor.java:497) ~[spring-beans-6.1.8.jar:6.1.8]
	at org.springframework.beans.factory.annotation.AutowiredAnnotationBeanPostProcessor.determineCandidateConstructors(AutowiredAnnotationBeanPostProcessor.java:367) ~[spring-beans-6.1.8.jar:6.1.8]
	at org.springframework.beans.factory.support.AbstractAutowireCapableBeanFactory.determineConstructorsFromBeanPostProcessors(AbstractAutowireCapableBeanFactory.java:1296) ~[spring-beans-6.1.8.jar:6.1.8]
	at org.springframework.beans.factory.support.AbstractAutowireCapableBeanFactory.createBeanInstance(AbstractAutowireCapableBeanFactory.java:1191) ~[spring-beans-6.1.8.jar:6.1.8]
	at org.springframework.beans.factory.support.AbstractAutowireCapableBeanFactory.doCreateBean(AbstractAutowireCapableBeanFactory.java:562) ~[spring-beans-6.1.8.jar:6.1.8]
	at org.springframework.beans.factory.support.AbstractAutowireCapableBeanFactory.createBean(AbstractAutowireCapableBeanFactory.java:522) ~[spring-beans-6.1.8.jar:6.1.8]
	at org.springframework.beans.factory.support.AbstractBeanFactory.lambda$doGetBean$0(AbstractBeanFactory.java:337) ~[spring-beans-6.1.8.jar:6.1.8]
	at org.springframework.beans.factory.support.DefaultSingletonBeanRegistry.getSingleton(DefaultSingletonBeanRegistry.java:234) ~[spring-beans-6.1.8.jar:6.1.8]
	at org.springframework.beans.factory.support.AbstractBeanFactory.doGetBean(AbstractBeanFactory.java:335) ~[spring-beans-6.1.8.jar:6.1.8]
	at org.springframework.beans.factory.support.AbstractBeanFactory.getBean(AbstractBeanFactory.java:200) ~[spring-beans-6.1.8.jar:6.1.8]
	at org.springframework.beans.factory.support.DefaultListableBeanFactory.preInstantiateSingletons(DefaultListableBeanFactory.java:975) ~[spring-beans-6.1.8.jar:6.1.8]
	at org.springframework.context.support.AbstractApplicationContext.finishBeanFactoryInitialization(AbstractApplicationContext.java:962) ~[spring-context-6.1.8.jar:6.1.8]
	at org.springframework.context.support.AbstractApplicationContext.refresh(AbstractApplicationContext.java:624) ~[spring-context-6.1.8.jar:6.1.8]
	at org.springframework.boot.web.servlet.context.ServletWebServerApplicationContext.refresh(ServletWebServerApplicationContext.java:146) ~[spring-boot-3.2.6.jar:3.2.6]
	at org.springframework.boot.SpringApplication.refresh(SpringApplication.java:754) ~[spring-boot-3.2.6.jar:3.2.6]
	at org.springframework.boot.SpringApplication.refreshContext(SpringApplication.java:456) ~[spring-boot-3.2.6.jar:3.2.6]
	at org.springframework.boot.SpringApplication.run(SpringApplication.java:335) ~[spring-boot-3.2.6.jar:3.2.6]
	at org.springframework.boot.SpringApplication.run(SpringApplication.java:1363) ~[spring-boot-3.2.6.jar:3.2.6]
	at org.springframework.boot.SpringApplication.run(SpringApplication.java:1352) ~[spring-boot-3.2.6.jar:3.2.6]
	at solekia.CtoC.CtoCApplication.main(CtoCApplication.java:10) ~[main/:na]
	at java.base/jdk.internal.reflect.DirectMethodHandleAccessor.invoke(DirectMethodHandleAccessor.java:103) ~[na:na]
	at java.base/java.lang.reflect.Method.invoke(Method.java:580) ~[na:na]
	at org.springframework.boot.devtools.restart.RestartLauncher.run(RestartLauncher.java:50) ~[spring-boot-devtools-3.2.6.jar:3.2.6]
Caused by: java.lang.IllegalStateException: Failed to introspect Class [solekia.CtoC.controller.FurimaController] from ClassLoader [org.springframework.boot.devtools.restart.classloader.RestartClassLoader@51fcdad2]
	at org.springframework.util.ReflectionUtils.getDeclaredMethods(ReflectionUtils.java:483) ~[spring-core-6.1.8.jar:6.1.8]
	at org.springframework.util.ReflectionUtils.doWithLocalMethods(ReflectionUtils.java:320) ~[spring-core-6.1.8.jar:6.1.8]
	at org.springframework.beans.factory.annotation.AutowiredAnnotationBeanPostProcessor.checkLookupMethods(AutowiredAnnotationBeanPostProcessor.java:475) ~[spring-beans-6.1.8.jar:6.1.8]
	... 22 common frames omitted
Caused by: java.lang.NoClassDefFoundError: FurimaPageModel
	at java.base/java.lang.Class.getDeclaredMethods0(Native Method) ~[na:na]
	at java.base/java.lang.Class.privateGetDeclaredMethods(Class.java:3578) ~[na:na]
	at java.base/java.lang.Class.getDeclaredMethods(Class.java:2676) ~[na:na]
	at org.springframework.util.ReflectionUtils.getDeclaredMethods(ReflectionUtils.java:465) ~[spring-core-6.1.8.jar:6.1.8]
	... 24 common frames omitted
Caused by: java.lang.ClassNotFoundException: FurimaPageModel
	at java.base/jdk.internal.loader.BuiltinClassLoader.loadClass(BuiltinClassLoader.java:641) ~[na:na]
	at java.base/jdk.internal.loader.ClassLoaders$AppClassLoader.loadClass(ClassLoaders.java:188) ~[na:na]
	at java.base/java.lang.ClassLoader.loadClass(ClassLoader.java:526) ~[na:na]
	at java.base/java.lang.Class.forName0(Native Method) ~[na:na]
	at java.base/java.lang.Class.forName(Class.java:534) ~[na:na]
	at java.base/java.lang.Class.forName(Class.java:513) ~[na:na]
	at org.springframework.boot.devtools.restart.classloader.RestartClassLoader.loadClass(RestartClassLoader.java:121) ~[spring-boot-devtools-3.2.6.jar:3.2.6]
	at java.base/java.lang.ClassLoader.loadClass(ClassLoader.java:526) ~[na:na]
	... 28 common frames omitted

2024-06-03T13:33:47.622+09:00  INFO 14584 --- [restartedMain] solekia.CtoC.CtoCApplication             : Starting CtoCApplication using Java 21.0.3 with PID 14584 (C:\Users\3004\Desktop\CtoC\CtoC\bin\main started by 3004 in C:\Users\3004\Desktop\CtoC\CtoC)
2024-06-03T13:33:47.625+09:00 DEBUG 14584 --- [restartedMain] solekia.CtoC.CtoCApplication             : Running with Spring Boot v3.2.6, Spring v6.1.8
2024-06-03T13:33:47.625+09:00  INFO 14584 --- [restartedMain] solekia.CtoC.CtoCApplication             : No active profile set, falling back to 1 default profile: "default"
2024-06-03T13:33:47.966+09:00  INFO 14584 --- [restartedMain] .s.d.r.c.RepositoryConfigurationDelegate : Bootstrapping Spring Data JDBC repositories in DEFAULT mode.
2024-06-03T13:33:47.968+09:00  INFO 14584 --- [restartedMain] .s.d.r.c.RepositoryConfigurationDelegate : Finished Spring Data repository scanning in 1 ms. Found 0 JDBC repository interfaces.
2024-06-03T13:33:48.012+09:00  WARN 14584 --- [restartedMain] o.m.s.mapper.ClassPathMapperScanner      : No MyBatis mapper was found in '[solekia.CtoC]' package. Please check your configuration.
2024-06-03T13:33:48.021+09:00  INFO 14584 --- [restartedMain] o.s.cloud.context.scope.GenericScope     : BeanFactory id=64b29f88-b532-3ac2-84f6-0ca3cd6778df
2024-06-03T13:33:48.080+09:00  INFO 14584 --- [restartedMain] o.s.b.w.embedded.tomcat.TomcatWebServer  : Tomcat initialized with port 8080 (http)
2024-06-03T13:33:48.082+09:00  INFO 14584 --- [restartedMain] o.apache.catalina.core.StandardService   : Starting service [Tomcat]
2024-06-03T13:33:48.083+09:00  INFO 14584 --- [restartedMain] o.apache.catalina.core.StandardEngine    : Starting Servlet engine: [Apache Tomcat/10.1.24]
2024-06-03T13:33:48.099+09:00  INFO 14584 --- [restartedMain] o.a.c.c.C.[Tomcat-1].[localhost].[/]     : Initializing Spring embedded WebApplicationContext
2024-06-03T13:33:48.100+09:00  INFO 14584 --- [restartedMain] w.s.c.ServletWebServerApplicationContext : Root WebApplicationContext: initialization completed in 469 ms
2024-06-03T13:33:48.110+09:00  WARN 14584 --- [restartedMain] ConfigServletWebServerApplicationContext : Exception encountered during context initialization - cancelling refresh attempt: org.springframework.beans.factory.BeanCreationException: Error creating bean with name 'furimaController': Lookup method resolution failed
2024-06-03T13:33:48.112+09:00  INFO 14584 --- [restartedMain] o.apache.catalina.core.StandardService   : Stopping service [Tomcat]
2024-06-03T13:33:48.118+09:00  INFO 14584 --- [restartedMain] .s.b.a.l.ConditionEvaluationReportLogger : 

Error starting ApplicationContext. To display the condition evaluation report re-run your application with 'debug' enabled.
2024-06-03T13:33:48.123+09:00 ERROR 14584 --- [restartedMain] o.s.boot.SpringApplication               : Application run failed

org.springframework.beans.factory.BeanCreationException: Error creating bean with name 'furimaController': Lookup method resolution failed
	at org.springframework.beans.factory.annotation.AutowiredAnnotationBeanPostProcessor.checkLookupMethods(AutowiredAnnotationBeanPostProcessor.java:497) ~[spring-beans-6.1.8.jar:6.1.8]
	at org.springframework.beans.factory.annotation.AutowiredAnnotationBeanPostProcessor.determineCandidateConstructors(AutowiredAnnotationBeanPostProcessor.java:367) ~[spring-beans-6.1.8.jar:6.1.8]
	at org.springframework.beans.factory.support.AbstractAutowireCapableBeanFactory.determineConstructorsFromBeanPostProcessors(AbstractAutowireCapableBeanFactory.java:1296) ~[spring-beans-6.1.8.jar:6.1.8]
	at org.springframework.beans.factory.support.AbstractAutowireCapableBeanFactory.createBeanInstance(AbstractAutowireCapableBeanFactory.java:1191) ~[spring-beans-6.1.8.jar:6.1.8]
	at org.springframework.beans.factory.support.AbstractAutowireCapableBeanFactory.doCreateBean(AbstractAutowireCapableBeanFactory.java:562) ~[spring-beans-6.1.8.jar:6.1.8]
	at org.springframework.beans.factory.support.AbstractAutowireCapableBeanFactory.createBean(AbstractAutowireCapableBeanFactory.java:522) ~[spring-beans-6.1.8.jar:6.1.8]
	at org.springframework.beans.factory.support.AbstractBeanFactory.lambda$doGetBean$0(AbstractBeanFactory.java:337) ~[spring-beans-6.1.8.jar:6.1.8]
	at org.springframework.beans.factory.support.DefaultSingletonBeanRegistry.getSingleton(DefaultSingletonBeanRegistry.java:234) ~[spring-beans-6.1.8.jar:6.1.8]
	at org.springframework.beans.factory.support.AbstractBeanFactory.doGetBean(AbstractBeanFactory.java:335) ~[spring-beans-6.1.8.jar:6.1.8]
	at org.springframework.beans.factory.support.AbstractBeanFactory.getBean(AbstractBeanFactory.java:200) ~[spring-beans-6.1.8.jar:6.1.8]
	at org.springframework.beans.factory.support.DefaultListableBeanFactory.preInstantiateSingletons(DefaultListableBeanFactory.java:975) ~[spring-beans-6.1.8.jar:6.1.8]
	at org.springframework.context.support.AbstractApplicationContext.finishBeanFactoryInitialization(AbstractApplicationContext.java:962) ~[spring-context-6.1.8.jar:6.1.8]
	at org.springframework.context.support.AbstractApplicationContext.refresh(AbstractApplicationContext.java:624) ~[spring-context-6.1.8.jar:6.1.8]
	at org.springframework.boot.web.servlet.context.ServletWebServerApplicationContext.refresh(ServletWebServerApplicationContext.java:146) ~[spring-boot-3.2.6.jar:3.2.6]
	at org.springframework.boot.SpringApplication.refresh(SpringApplication.java:754) ~[spring-boot-3.2.6.jar:3.2.6]
	at org.springframework.boot.SpringApplication.refreshContext(SpringApplication.java:456) ~[spring-boot-3.2.6.jar:3.2.6]
	at org.springframework.boot.SpringApplication.run(SpringApplication.java:335) ~[spring-boot-3.2.6.jar:3.2.6]
	at org.springframework.boot.SpringApplication.run(SpringApplication.java:1363) ~[spring-boot-3.2.6.jar:3.2.6]
	at org.springframework.boot.SpringApplication.run(SpringApplication.java:1352) ~[spring-boot-3.2.6.jar:3.2.6]
	at solekia.CtoC.CtoCApplication.main(CtoCApplication.java:10) ~[main/:na]
	at java.base/jdk.internal.reflect.DirectMethodHandleAccessor.invoke(DirectMethodHandleAccessor.java:103) ~[na:na]
	at java.base/java.lang.reflect.Method.invoke(Method.java:580) ~[na:na]
	at org.springframework.boot.devtools.restart.RestartLauncher.run(RestartLauncher.java:50) ~[spring-boot-devtools-3.2.6.jar:3.2.6]
Caused by: java.lang.IllegalStateException: Failed to introspect Class [solekia.CtoC.controller.FurimaController] from ClassLoader [org.springframework.boot.devtools.restart.classloader.RestartClassLoader@dcac0de]
	at org.springframework.util.ReflectionUtils.getDeclaredMethods(ReflectionUtils.java:483) ~[spring-core-6.1.8.jar:6.1.8]
	at org.springframework.util.ReflectionUtils.doWithLocalMethods(ReflectionUtils.java:320) ~[spring-core-6.1.8.jar:6.1.8]
	at org.springframework.beans.factory.annotation.AutowiredAnnotationBeanPostProcessor.checkLookupMethods(AutowiredAnnotationBeanPostProcessor.java:475) ~[spring-beans-6.1.8.jar:6.1.8]
	... 22 common frames omitted
Caused by: java.lang.NoClassDefFoundError: FurimaPageModel
	at java.base/java.lang.Class.getDeclaredMethods0(Native Method) ~[na:na]
	at java.base/java.lang.Class.privateGetDeclaredMethods(Class.java:3578) ~[na:na]
	at java.base/java.lang.Class.getDeclaredMethods(Class.java:2676) ~[na:na]
	at org.springframework.util.ReflectionUtils.getDeclaredMethods(ReflectionUtils.java:465) ~[spring-core-6.1.8.jar:6.1.8]
	... 24 common frames omitted
Caused by: java.lang.ClassNotFoundException: FurimaPageModel
	at java.base/jdk.internal.loader.BuiltinClassLoader.loadClass(BuiltinClassLoader.java:641) ~[na:na]
	at java.base/jdk.internal.loader.ClassLoaders$AppClassLoader.loadClass(ClassLoaders.java:188) ~[na:na]
	at java.base/java.lang.ClassLoader.loadClass(ClassLoader.java:526) ~[na:na]
	at java.base/java.lang.Class.forName0(Native Method) ~[na:na]
	at java.base/java.lang.Class.forName(Class.java:534) ~[na:na]
	at java.base/java.lang.Class.forName(Class.java:513) ~[na:na]
	at org.springframework.boot.devtools.restart.classloader.RestartClassLoader.loadClass(RestartClassLoader.java:121) ~[spring-boot-devtools-3.2.6.jar:3.2.6]
	at java.base/java.lang.ClassLoader.loadClass(ClassLoader.java:526) ~[na:na]
	... 28 common frames omitted

2024-06-03T13:34:41.772+09:00  INFO 14584 --- [restartedMain] solekia.CtoC.CtoCApplication             : Starting CtoCApplication using Java 21.0.3 with PID 14584 (C:\Users\3004\Desktop\CtoC\CtoC\bin\main started by 3004 in C:\Users\3004\Desktop\CtoC\CtoC)
2024-06-03T13:34:41.774+09:00 DEBUG 14584 --- [restartedMain] solekia.CtoC.CtoCApplication             : Running with Spring Boot v3.2.6, Spring v6.1.8
2024-06-03T13:34:41.775+09:00  INFO 14584 --- [restartedMain] solekia.CtoC.CtoCApplication             : No active profile set, falling back to 1 default profile: "default"
2024-06-03T13:34:41.986+09:00  INFO 14584 --- [restartedMain] .s.d.r.c.RepositoryConfigurationDelegate : Bootstrapping Spring Data JDBC repositories in DEFAULT mode.
2024-06-03T13:34:41.988+09:00  INFO 14584 --- [restartedMain] .s.d.r.c.RepositoryConfigurationDelegate : Finished Spring Data repository scanning in 0 ms. Found 0 JDBC repository interfaces.
2024-06-03T13:34:42.017+09:00  WARN 14584 --- [restartedMain] o.m.s.mapper.ClassPathMapperScanner      : No MyBatis mapper was found in '[solekia.CtoC]' package. Please check your configuration.
2024-06-03T13:34:42.023+09:00  INFO 14584 --- [restartedMain] o.s.cloud.context.scope.GenericScope     : BeanFactory id=64b29f88-b532-3ac2-84f6-0ca3cd6778df
2024-06-03T13:34:42.079+09:00  INFO 14584 --- [restartedMain] o.s.b.w.embedded.tomcat.TomcatWebServer  : Tomcat initialized with port 8080 (http)
2024-06-03T13:34:42.082+09:00  INFO 14584 --- [restartedMain] o.apache.catalina.core.StandardService   : Starting service [Tomcat]
2024-06-03T13:34:42.098+09:00  INFO 14584 --- [restartedMain] o.apache.catalina.core.StandardEngine    : Starting Servlet engine: [Apache Tomcat/10.1.24]
2024-06-03T13:34:42.116+09:00  INFO 14584 --- [restartedMain] o.a.c.c.C.[Tomcat-2].[localhost].[/]     : Initializing Spring embedded WebApplicationContext
2024-06-03T13:34:42.117+09:00  INFO 14584 --- [restartedMain] w.s.c.ServletWebServerApplicationContext : Root WebApplicationContext: initialization completed in 338 ms
2024-06-03T13:34:42.127+09:00  WARN 14584 --- [restartedMain] ConfigServletWebServerApplicationContext : Exception encountered during context initialization - cancelling refresh attempt: org.springframework.beans.factory.BeanCreationException: Error creating bean with name 'furimaController': Lookup method resolution failed
2024-06-03T13:34:42.130+09:00  INFO 14584 --- [restartedMain] o.apache.catalina.core.StandardService   : Stopping service [Tomcat]
2024-06-03T13:34:42.140+09:00  INFO 14584 --- [restartedMain] .s.b.a.l.ConditionEvaluationReportLogger : 

Error starting ApplicationContext. To display the condition evaluation report re-run your application with 'debug' enabled.
2024-06-03T13:34:42.151+09:00 ERROR 14584 --- [restartedMain] o.s.boot.SpringApplication               : Application run failed

org.springframework.beans.factory.BeanCreationException: Error creating bean with name 'furimaController': Lookup method resolution failed
	at org.springframework.beans.factory.annotation.AutowiredAnnotationBeanPostProcessor.checkLookupMethods(AutowiredAnnotationBeanPostProcessor.java:497) ~[spring-beans-6.1.8.jar:6.1.8]
	at org.springframework.beans.factory.annotation.AutowiredAnnotationBeanPostProcessor.determineCandidateConstructors(AutowiredAnnotationBeanPostProcessor.java:367) ~[spring-beans-6.1.8.jar:6.1.8]
	at org.springframework.beans.factory.support.AbstractAutowireCapableBeanFactory.determineConstructorsFromBeanPostProcessors(AbstractAutowireCapableBeanFactory.java:1296) ~[spring-beans-6.1.8.jar:6.1.8]
	at org.springframework.beans.factory.support.AbstractAutowireCapableBeanFactory.createBeanInstance(AbstractAutowireCapableBeanFactory.java:1191) ~[spring-beans-6.1.8.jar:6.1.8]
	at org.springframework.beans.factory.support.AbstractAutowireCapableBeanFactory.doCreateBean(AbstractAutowireCapableBeanFactory.java:562) ~[spring-beans-6.1.8.jar:6.1.8]
	at org.springframework.beans.factory.support.AbstractAutowireCapableBeanFactory.createBean(AbstractAutowireCapableBeanFactory.java:522) ~[spring-beans-6.1.8.jar:6.1.8]
	at org.springframework.beans.factory.support.AbstractBeanFactory.lambda$doGetBean$0(AbstractBeanFactory.java:337) ~[spring-beans-6.1.8.jar:6.1.8]
	at org.springframework.beans.factory.support.DefaultSingletonBeanRegistry.getSingleton(DefaultSingletonBeanRegistry.java:234) ~[spring-beans-6.1.8.jar:6.1.8]
	at org.springframework.beans.factory.support.AbstractBeanFactory.doGetBean(AbstractBeanFactory.java:335) ~[spring-beans-6.1.8.jar:6.1.8]
	at org.springframework.beans.factory.support.AbstractBeanFactory.getBean(AbstractBeanFactory.java:200) ~[spring-beans-6.1.8.jar:6.1.8]
	at org.springframework.beans.factory.support.DefaultListableBeanFactory.preInstantiateSingletons(DefaultListableBeanFactory.java:975) ~[spring-beans-6.1.8.jar:6.1.8]
	at org.springframework.context.support.AbstractApplicationContext.finishBeanFactoryInitialization(AbstractApplicationContext.java:962) ~[spring-context-6.1.8.jar:6.1.8]
	at org.springframework.context.support.AbstractApplicationContext.refresh(AbstractApplicationContext.java:624) ~[spring-context-6.1.8.jar:6.1.8]
	at org.springframework.boot.web.servlet.context.ServletWebServerApplicationContext.refresh(ServletWebServerApplicationContext.java:146) ~[spring-boot-3.2.6.jar:3.2.6]
	at org.springframework.boot.SpringApplication.refresh(SpringApplication.java:754) ~[spring-boot-3.2.6.jar:3.2.6]
	at org.springframework.boot.SpringApplication.refreshContext(SpringApplication.java:456) ~[spring-boot-3.2.6.jar:3.2.6]
	at org.springframework.boot.SpringApplication.run(SpringApplication.java:335) ~[spring-boot-3.2.6.jar:3.2.6]
	at org.springframework.boot.SpringApplication.run(SpringApplication.java:1363) ~[spring-boot-3.2.6.jar:3.2.6]
	at org.springframework.boot.SpringApplication.run(SpringApplication.java:1352) ~[spring-boot-3.2.6.jar:3.2.6]
	at solekia.CtoC.CtoCApplication.main(CtoCApplication.java:10) ~[main/:na]
	at java.base/jdk.internal.reflect.DirectMethodHandleAccessor.invoke(DirectMethodHandleAccessor.java:103) ~[na:na]
	at java.base/java.lang.reflect.Method.invoke(Method.java:580) ~[na:na]
	at org.springframework.boot.devtools.restart.RestartLauncher.run(RestartLauncher.java:50) ~[spring-boot-devtools-3.2.6.jar:3.2.6]
Caused by: java.lang.IllegalStateException: Failed to introspect Class [solekia.CtoC.controller.FurimaController] from ClassLoader [org.springframework.boot.devtools.restart.classloader.RestartClassLoader@65b5b374]
	at org.springframework.util.ReflectionUtils.getDeclaredMethods(ReflectionUtils.java:483) ~[spring-core-6.1.8.jar:6.1.8]
	at org.springframework.util.ReflectionUtils.doWithLocalMethods(ReflectionUtils.java:320) ~[spring-core-6.1.8.jar:6.1.8]
	at org.springframework.beans.factory.annotation.AutowiredAnnotationBeanPostProcessor.checkLookupMethods(AutowiredAnnotationBeanPostProcessor.java:475) ~[spring-beans-6.1.8.jar:6.1.8]
	... 22 common frames omitted
Caused by: java.lang.NoClassDefFoundError: FurimaPageModel
	at java.base/java.lang.Class.getDeclaredMethods0(Native Method) ~[na:na]
	at java.base/java.lang.Class.privateGetDeclaredMethods(Class.java:3578) ~[na:na]
	at java.base/java.lang.Class.getDeclaredMethods(Class.java:2676) ~[na:na]
	at org.springframework.util.ReflectionUtils.getDeclaredMethods(ReflectionUtils.java:465) ~[spring-core-6.1.8.jar:6.1.8]
	... 24 common frames omitted
Caused by: java.lang.ClassNotFoundException: FurimaPageModel
	at java.base/jdk.internal.loader.BuiltinClassLoader.loadClass(BuiltinClassLoader.java:641) ~[na:na]
	at java.base/jdk.internal.loader.ClassLoaders$AppClassLoader.loadClass(ClassLoaders.java:188) ~[na:na]
	at java.base/java.lang.ClassLoader.loadClass(ClassLoader.java:526) ~[na:na]
	at java.base/java.lang.Class.forName0(Native Method) ~[na:na]
	at java.base/java.lang.Class.forName(Class.java:534) ~[na:na]
	at java.base/java.lang.Class.forName(Class.java:513) ~[na:na]
	at org.springframework.boot.devtools.restart.classloader.RestartClassLoader.loadClass(RestartClassLoader.java:121) ~[spring-boot-devtools-3.2.6.jar:3.2.6]
	at java.base/java.lang.ClassLoader.loadClass(ClassLoader.java:526) ~[na:na]
	... 28 common frames omitted

2024-06-03T13:35:23.230+09:00  INFO 14584 --- [restartedMain] solekia.CtoC.CtoCApplication             : Starting CtoCApplication using Java 21.0.3 with PID 14584 (C:\Users\3004\Desktop\CtoC\CtoC\bin\main started by 3004 in C:\Users\3004\Desktop\CtoC\CtoC)
2024-06-03T13:35:23.232+09:00 DEBUG 14584 --- [restartedMain] solekia.CtoC.CtoCApplication             : Running with Spring Boot v3.2.6, Spring v6.1.8
2024-06-03T13:35:23.234+09:00  INFO 14584 --- [restartedMain] solekia.CtoC.CtoCApplication             : No active profile set, falling back to 1 default profile: "default"
2024-06-03T13:35:23.398+09:00  INFO 14584 --- [restartedMain] .s.d.r.c.RepositoryConfigurationDelegate : Bootstrapping Spring Data JDBC repositories in DEFAULT mode.
2024-06-03T13:35:23.400+09:00  INFO 14584 --- [restartedMain] .s.d.r.c.RepositoryConfigurationDelegate : Finished Spring Data repository scanning in 0 ms. Found 0 JDBC repository interfaces.
2024-06-03T13:35:23.429+09:00  WARN 14584 --- [restartedMain] o.m.s.mapper.ClassPathMapperScanner      : No MyBatis mapper was found in '[solekia.CtoC]' package. Please check your configuration.
2024-06-03T13:35:23.437+09:00  INFO 14584 --- [restartedMain] o.s.cloud.context.scope.GenericScope     : BeanFactory id=64b29f88-b532-3ac2-84f6-0ca3cd6778df
2024-06-03T13:35:23.481+09:00  INFO 14584 --- [restartedMain] o.s.b.w.embedded.tomcat.TomcatWebServer  : Tomcat initialized with port 8080 (http)
2024-06-03T13:35:23.484+09:00  INFO 14584 --- [restartedMain] o.apache.catalina.core.StandardService   : Starting service [Tomcat]
2024-06-03T13:35:23.485+09:00  INFO 14584 --- [restartedMain] o.apache.catalina.core.StandardEngine    : Starting Servlet engine: [Apache Tomcat/10.1.24]
2024-06-03T13:35:23.501+09:00  INFO 14584 --- [restartedMain] o.a.c.c.C.[Tomcat-3].[localhost].[/]     : Initializing Spring embedded WebApplicationContext
2024-06-03T13:35:23.503+09:00  INFO 14584 --- [restartedMain] w.s.c.ServletWebServerApplicationContext : Root WebApplicationContext: initialization completed in 264 ms
2024-06-03T13:35:23.511+09:00  WARN 14584 --- [restartedMain] ConfigServletWebServerApplicationContext : Exception encountered during context initialization - cancelling refresh attempt: org.springframework.beans.factory.BeanCreationException: Error creating bean with name 'furimaController': Lookup method resolution failed
2024-06-03T13:35:23.514+09:00  INFO 14584 --- [restartedMain] o.apache.catalina.core.StandardService   : Stopping service [Tomcat]
2024-06-03T13:35:23.520+09:00  INFO 14584 --- [restartedMain] .s.b.a.l.ConditionEvaluationReportLogger : 

Error starting ApplicationContext. To display the condition evaluation report re-run your application with 'debug' enabled.
2024-06-03T13:35:23.524+09:00 ERROR 14584 --- [restartedMain] o.s.boot.SpringApplication               : Application run failed

org.springframework.beans.factory.BeanCreationException: Error creating bean with name 'furimaController': Lookup method resolution failed
	at org.springframework.beans.factory.annotation.AutowiredAnnotationBeanPostProcessor.checkLookupMethods(AutowiredAnnotationBeanPostProcessor.java:497) ~[spring-beans-6.1.8.jar:6.1.8]
	at org.springframework.beans.factory.annotation.AutowiredAnnotationBeanPostProcessor.determineCandidateConstructors(AutowiredAnnotationBeanPostProcessor.java:367) ~[spring-beans-6.1.8.jar:6.1.8]
	at org.springframework.beans.factory.support.AbstractAutowireCapableBeanFactory.determineConstructorsFromBeanPostProcessors(AbstractAutowireCapableBeanFactory.java:1296) ~[spring-beans-6.1.8.jar:6.1.8]
	at org.springframework.beans.factory.support.AbstractAutowireCapableBeanFactory.createBeanInstance(AbstractAutowireCapableBeanFactory.java:1191) ~[spring-beans-6.1.8.jar:6.1.8]
	at org.springframework.beans.factory.support.AbstractAutowireCapableBeanFactory.doCreateBean(AbstractAutowireCapableBeanFactory.java:562) ~[spring-beans-6.1.8.jar:6.1.8]
	at org.springframework.beans.factory.support.AbstractAutowireCapableBeanFactory.createBean(AbstractAutowireCapableBeanFactory.java:522) ~[spring-beans-6.1.8.jar:6.1.8]
	at org.springframework.beans.factory.support.AbstractBeanFactory.lambda$doGetBean$0(AbstractBeanFactory.java:337) ~[spring-beans-6.1.8.jar:6.1.8]
	at org.springframework.beans.factory.support.DefaultSingletonBeanRegistry.getSingleton(DefaultSingletonBeanRegistry.java:234) ~[spring-beans-6.1.8.jar:6.1.8]
	at org.springframework.beans.factory.support.AbstractBeanFactory.doGetBean(AbstractBeanFactory.java:335) ~[spring-beans-6.1.8.jar:6.1.8]
	at org.springframework.beans.factory.support.AbstractBeanFactory.getBean(AbstractBeanFactory.java:200) ~[spring-beans-6.1.8.jar:6.1.8]
	at org.springframework.beans.factory.support.DefaultListableBeanFactory.preInstantiateSingletons(DefaultListableBeanFactory.java:975) ~[spring-beans-6.1.8.jar:6.1.8]
	at org.springframework.context.support.AbstractApplicationContext.finishBeanFactoryInitialization(AbstractApplicationContext.java:962) ~[spring-context-6.1.8.jar:6.1.8]
	at org.springframework.context.support.AbstractApplicationContext.refresh(AbstractApplicationContext.java:624) ~[spring-context-6.1.8.jar:6.1.8]
	at org.springframework.boot.web.servlet.context.ServletWebServerApplicationContext.refresh(ServletWebServerApplicationContext.java:146) ~[spring-boot-3.2.6.jar:3.2.6]
	at org.springframework.boot.SpringApplication.refresh(SpringApplication.java:754) ~[spring-boot-3.2.6.jar:3.2.6]
	at org.springframework.boot.SpringApplication.refreshContext(SpringApplication.java:456) ~[spring-boot-3.2.6.jar:3.2.6]
	at org.springframework.boot.SpringApplication.run(SpringApplication.java:335) ~[spring-boot-3.2.6.jar:3.2.6]
	at org.springframework.boot.SpringApplication.run(SpringApplication.java:1363) ~[spring-boot-3.2.6.jar:3.2.6]
	at org.springframework.boot.SpringApplication.run(SpringApplication.java:1352) ~[spring-boot-3.2.6.jar:3.2.6]
	at solekia.CtoC.CtoCApplication.main(CtoCApplication.java:10) ~[main/:na]
	at java.base/jdk.internal.reflect.DirectMethodHandleAccessor.invoke(DirectMethodHandleAccessor.java:103) ~[na:na]
	at java.base/java.lang.reflect.Method.invoke(Method.java:580) ~[na:na]
	at org.springframework.boot.devtools.restart.RestartLauncher.run(RestartLauncher.java:50) ~[spring-boot-devtools-3.2.6.jar:3.2.6]
Caused by: java.lang.IllegalStateException: Failed to introspect Class [solekia.CtoC.controller.FurimaController] from ClassLoader [org.springframework.boot.devtools.restart.classloader.RestartClassLoader@6c46a8c2]
	at org.springframework.util.ReflectionUtils.getDeclaredMethods(ReflectionUtils.java:483) ~[spring-core-6.1.8.jar:6.1.8]
	at org.springframework.util.ReflectionUtils.doWithLocalMethods(ReflectionUtils.java:320) ~[spring-core-6.1.8.jar:6.1.8]
	at org.springframework.beans.factory.annotation.AutowiredAnnotationBeanPostProcessor.checkLookupMethods(AutowiredAnnotationBeanPostProcessor.java:475) ~[spring-beans-6.1.8.jar:6.1.8]
	... 22 common frames omitted
Caused by: java.lang.NoClassDefFoundError: FurimaPageModel
	at java.base/java.lang.Class.getDeclaredMethods0(Native Method) ~[na:na]
	at java.base/java.lang.Class.privateGetDeclaredMethods(Class.java:3578) ~[na:na]
	at java.base/java.lang.Class.getDeclaredMethods(Class.java:2676) ~[na:na]
	at org.springframework.util.ReflectionUtils.getDeclaredMethods(ReflectionUtils.java:465) ~[spring-core-6.1.8.jar:6.1.8]
	... 24 common frames omitted
Caused by: java.lang.ClassNotFoundException: FurimaPageModel
	at java.base/jdk.internal.loader.BuiltinClassLoader.loadClass(BuiltinClassLoader.java:641) ~[na:na]
	at java.base/jdk.internal.loader.ClassLoaders$AppClassLoader.loadClass(ClassLoaders.java:188) ~[na:na]
	at java.base/java.lang.ClassLoader.loadClass(ClassLoader.java:526) ~[na:na]
	at java.base/java.lang.Class.forName0(Native Method) ~[na:na]
	at java.base/java.lang.Class.forName(Class.java:534) ~[na:na]
	at java.base/java.lang.Class.forName(Class.java:513) ~[na:na]
	at org.springframework.boot.devtools.restart.classloader.RestartClassLoader.loadClass(RestartClassLoader.java:121) ~[spring-boot-devtools-3.2.6.jar:3.2.6]
	at java.base/java.lang.ClassLoader.loadClass(ClassLoader.java:526) ~[na:na]
	... 28 common frames omitted

2024-06-03T13:36:06.570+09:00  INFO 14584 --- [restartedMain] solekia.CtoC.CtoCApplication             : Starting CtoCApplication using Java 21.0.3 with PID 14584 (C:\Users\3004\Desktop\CtoC\CtoC\bin\main started by 3004 in C:\Users\3004\Desktop\CtoC\CtoC)
2024-06-03T13:36:06.573+09:00 DEBUG 14584 --- [restartedMain] solekia.CtoC.CtoCApplication             : Running with Spring Boot v3.2.6, Spring v6.1.8
2024-06-03T13:36:06.574+09:00  INFO 14584 --- [restartedMain] solekia.CtoC.CtoCApplication             : No active profile set, falling back to 1 default profile: "default"
2024-06-03T13:36:06.717+09:00  INFO 14584 --- [restartedMain] .s.d.r.c.RepositoryConfigurationDelegate : Bootstrapping Spring Data JDBC repositories in DEFAULT mode.
2024-06-03T13:36:06.720+09:00  INFO 14584 --- [restartedMain] .s.d.r.c.RepositoryConfigurationDelegate : Finished Spring Data repository scanning in 1 ms. Found 0 JDBC repository interfaces.
2024-06-03T13:36:06.747+09:00  WARN 14584 --- [restartedMain] o.m.s.mapper.ClassPathMapperScanner      : No MyBatis mapper was found in '[solekia.CtoC]' package. Please check your configuration.
2024-06-03T13:36:06.757+09:00  INFO 14584 --- [restartedMain] o.s.cloud.context.scope.GenericScope     : BeanFactory id=64b29f88-b532-3ac2-84f6-0ca3cd6778df
2024-06-03T13:36:06.799+09:00  INFO 14584 --- [restartedMain] o.s.b.w.embedded.tomcat.TomcatWebServer  : Tomcat initialized with port 8080 (http)
2024-06-03T13:36:06.801+09:00  INFO 14584 --- [restartedMain] o.apache.catalina.core.StandardService   : Starting service [Tomcat]
2024-06-03T13:36:06.802+09:00  INFO 14584 --- [restartedMain] o.apache.catalina.core.StandardEngine    : Starting Servlet engine: [Apache Tomcat/10.1.24]
2024-06-03T13:36:06.821+09:00  INFO 14584 --- [restartedMain] o.a.c.c.C.[Tomcat-4].[localhost].[/]     : Initializing Spring embedded WebApplicationContext
2024-06-03T13:36:06.822+09:00  INFO 14584 --- [restartedMain] w.s.c.ServletWebServerApplicationContext : Root WebApplicationContext: initialization completed in 245 ms
2024-06-03T13:36:06.833+09:00  WARN 14584 --- [restartedMain] ConfigServletWebServerApplicationContext : Exception encountered during context initialization - cancelling refresh attempt: org.springframework.beans.factory.BeanCreationException: Error creating bean with name 'furimaController': Lookup method resolution failed
2024-06-03T13:36:06.835+09:00  INFO 14584 --- [restartedMain] o.apache.catalina.core.StandardService   : Stopping service [Tomcat]
2024-06-03T13:36:06.843+09:00  INFO 14584 --- [restartedMain] .s.b.a.l.ConditionEvaluationReportLogger : 

Error starting ApplicationContext. To display the condition evaluation report re-run your application with 'debug' enabled.
2024-06-03T13:36:06.852+09:00 ERROR 14584 --- [restartedMain] o.s.boot.SpringApplication               : Application run failed

org.springframework.beans.factory.BeanCreationException: Error creating bean with name 'furimaController': Lookup method resolution failed
	at org.springframework.beans.factory.annotation.AutowiredAnnotationBeanPostProcessor.checkLookupMethods(AutowiredAnnotationBeanPostProcessor.java:497) ~[spring-beans-6.1.8.jar:6.1.8]
	at org.springframework.beans.factory.annotation.AutowiredAnnotationBeanPostProcessor.determineCandidateConstructors(AutowiredAnnotationBeanPostProcessor.java:367) ~[spring-beans-6.1.8.jar:6.1.8]
	at org.springframework.beans.factory.support.AbstractAutowireCapableBeanFactory.determineConstructorsFromBeanPostProcessors(AbstractAutowireCapableBeanFactory.java:1296) ~[spring-beans-6.1.8.jar:6.1.8]
	at org.springframework.beans.factory.support.AbstractAutowireCapableBeanFactory.createBeanInstance(AbstractAutowireCapableBeanFactory.java:1191) ~[spring-beans-6.1.8.jar:6.1.8]
	at org.springframework.beans.factory.support.AbstractAutowireCapableBeanFactory.doCreateBean(AbstractAutowireCapableBeanFactory.java:562) ~[spring-beans-6.1.8.jar:6.1.8]
	at org.springframework.beans.factory.support.AbstractAutowireCapableBeanFactory.createBean(AbstractAutowireCapableBeanFactory.java:522) ~[spring-beans-6.1.8.jar:6.1.8]
	at org.springframework.beans.factory.support.AbstractBeanFactory.lambda$doGetBean$0(AbstractBeanFactory.java:337) ~[spring-beans-6.1.8.jar:6.1.8]
	at org.springframework.beans.factory.support.DefaultSingletonBeanRegistry.getSingleton(DefaultSingletonBeanRegistry.java:234) ~[spring-beans-6.1.8.jar:6.1.8]
	at org.springframework.beans.factory.support.AbstractBeanFactory.doGetBean(AbstractBeanFactory.java:335) ~[spring-beans-6.1.8.jar:6.1.8]
	at org.springframework.beans.factory.support.AbstractBeanFactory.getBean(AbstractBeanFactory.java:200) ~[spring-beans-6.1.8.jar:6.1.8]
	at org.springframework.beans.factory.support.DefaultListableBeanFactory.preInstantiateSingletons(DefaultListableBeanFactory.java:975) ~[spring-beans-6.1.8.jar:6.1.8]
	at org.springframework.context.support.AbstractApplicationContext.finishBeanFactoryInitialization(AbstractApplicationContext.java:962) ~[spring-context-6.1.8.jar:6.1.8]
	at org.springframework.context.support.AbstractApplicationContext.refresh(AbstractApplicationContext.java:624) ~[spring-context-6.1.8.jar:6.1.8]
	at org.springframework.boot.web.servlet.context.ServletWebServerApplicationContext.refresh(ServletWebServerApplicationContext.java:146) ~[spring-boot-3.2.6.jar:3.2.6]
	at org.springframework.boot.SpringApplication.refresh(SpringApplication.java:754) ~[spring-boot-3.2.6.jar:3.2.6]
	at org.springframework.boot.SpringApplication.refreshContext(SpringApplication.java:456) ~[spring-boot-3.2.6.jar:3.2.6]
	at org.springframework.boot.SpringApplication.run(SpringApplication.java:335) ~[spring-boot-3.2.6.jar:3.2.6]
	at org.springframework.boot.SpringApplication.run(SpringApplication.java:1363) ~[spring-boot-3.2.6.jar:3.2.6]
	at org.springframework.boot.SpringApplication.run(SpringApplication.java:1352) ~[spring-boot-3.2.6.jar:3.2.6]
	at solekia.CtoC.CtoCApplication.main(CtoCApplication.java:10) ~[main/:na]
	at java.base/jdk.internal.reflect.DirectMethodHandleAccessor.invoke(DirectMethodHandleAccessor.java:103) ~[na:na]
	at java.base/java.lang.reflect.Method.invoke(Method.java:580) ~[na:na]
	at org.springframework.boot.devtools.restart.RestartLauncher.run(RestartLauncher.java:50) ~[spring-boot-devtools-3.2.6.jar:3.2.6]
Caused by: java.lang.IllegalStateException: Failed to introspect Class [solekia.CtoC.controller.FurimaController] from ClassLoader [org.springframework.boot.devtools.restart.classloader.RestartClassLoader@6b2e1d11]
	at org.springframework.util.ReflectionUtils.getDeclaredMethods(ReflectionUtils.java:483) ~[spring-core-6.1.8.jar:6.1.8]
	at org.springframework.util.ReflectionUtils.doWithLocalMethods(ReflectionUtils.java:320) ~[spring-core-6.1.8.jar:6.1.8]
	at org.springframework.beans.factory.annotation.AutowiredAnnotationBeanPostProcessor.checkLookupMethods(AutowiredAnnotationBeanPostProcessor.java:475) ~[spring-beans-6.1.8.jar:6.1.8]
	... 22 common frames omitted
Caused by: java.lang.NoClassDefFoundError: FurimaPageModel
	at java.base/java.lang.Class.getDeclaredMethods0(Native Method) ~[na:na]
	at java.base/java.lang.Class.privateGetDeclaredMethods(Class.java:3578) ~[na:na]
	at java.base/java.lang.Class.getDeclaredMethods(Class.java:2676) ~[na:na]
	at org.springframework.util.ReflectionUtils.getDeclaredMethods(ReflectionUtils.java:465) ~[spring-core-6.1.8.jar:6.1.8]
	... 24 common frames omitted
Caused by: java.lang.ClassNotFoundException: FurimaPageModel
	at java.base/jdk.internal.loader.BuiltinClassLoader.loadClass(BuiltinClassLoader.java:641) ~[na:na]
	at java.base/jdk.internal.loader.ClassLoaders$AppClassLoader.loadClass(ClassLoaders.java:188) ~[na:na]
	at java.base/java.lang.ClassLoader.loadClass(ClassLoader.java:526) ~[na:na]
	at java.base/java.lang.Class.forName0(Native Method) ~[na:na]
	at java.base/java.lang.Class.forName(Class.java:534) ~[na:na]
	at java.base/java.lang.Class.forName(Class.java:513) ~[na:na]
	at org.springframework.boot.devtools.restart.classloader.RestartClassLoader.loadClass(RestartClassLoader.java:121) ~[spring-boot-devtools-3.2.6.jar:3.2.6]
	at java.base/java.lang.ClassLoader.loadClass(ClassLoader.java:526) ~[na:na]
	... 28 common frames omitted

2024-06-03T13:36:14.422+09:00  INFO 14584 --- [restartedMain] solekia.CtoC.CtoCApplication             : Starting CtoCApplication using Java 21.0.3 with PID 14584 (C:\Users\3004\Desktop\CtoC\CtoC\bin\main started by 3004 in C:\Users\3004\Desktop\CtoC\CtoC)
2024-06-03T13:36:14.424+09:00 DEBUG 14584 --- [restartedMain] solekia.CtoC.CtoCApplication             : Running with Spring Boot v3.2.6, Spring v6.1.8
2024-06-03T13:36:14.425+09:00  INFO 14584 --- [restartedMain] solekia.CtoC.CtoCApplication             : No active profile set, falling back to 1 default profile: "default"
2024-06-03T13:36:14.774+09:00  INFO 14584 --- [restartedMain] .s.d.r.c.RepositoryConfigurationDelegate : Bootstrapping Spring Data JDBC repositories in DEFAULT mode.
2024-06-03T13:36:14.777+09:00  INFO 14584 --- [restartedMain] .s.d.r.c.RepositoryConfigurationDelegate : Finished Spring Data repository scanning in 1 ms. Found 0 JDBC repository interfaces.
2024-06-03T13:36:14.817+09:00  WARN 14584 --- [restartedMain] o.m.s.mapper.ClassPathMapperScanner      : No MyBatis mapper was found in '[solekia.CtoC]' package. Please check your configuration.
2024-06-03T13:36:14.835+09:00  INFO 14584 --- [restartedMain] o.s.cloud.context.scope.GenericScope     : BeanFactory id=64b29f88-b532-3ac2-84f6-0ca3cd6778df
2024-06-03T13:36:14.886+09:00  INFO 14584 --- [restartedMain] o.s.b.w.embedded.tomcat.TomcatWebServer  : Tomcat initialized with port 8080 (http)
2024-06-03T13:36:14.888+09:00  INFO 14584 --- [restartedMain] o.apache.catalina.core.StandardService   : Starting service [Tomcat]
2024-06-03T13:36:14.890+09:00  INFO 14584 --- [restartedMain] o.apache.catalina.core.StandardEngine    : Starting Servlet engine: [Apache Tomcat/10.1.24]
2024-06-03T13:36:14.944+09:00  INFO 14584 --- [restartedMain] o.a.c.c.C.[Tomcat-5].[localhost].[/]     : Initializing Spring embedded WebApplicationContext
2024-06-03T13:36:14.945+09:00  INFO 14584 --- [restartedMain] w.s.c.ServletWebServerApplicationContext : Root WebApplicationContext: initialization completed in 517 ms
2024-06-03T13:36:14.952+09:00  WARN 14584 --- [restartedMain] ConfigServletWebServerApplicationContext : Exception encountered during context initialization - cancelling refresh attempt: org.springframework.beans.factory.BeanCreationException: Error creating bean with name 'furimaController': Lookup method resolution failed
2024-06-03T13:36:14.955+09:00  INFO 14584 --- [restartedMain] o.apache.catalina.core.StandardService   : Stopping service [Tomcat]
2024-06-03T13:36:14.959+09:00  INFO 14584 --- [restartedMain] .s.b.a.l.ConditionEvaluationReportLogger : 

Error starting ApplicationContext. To display the condition evaluation report re-run your application with 'debug' enabled.
2024-06-03T13:36:14.963+09:00 ERROR 14584 --- [restartedMain] o.s.boot.SpringApplication               : Application run failed

org.springframework.beans.factory.BeanCreationException: Error creating bean with name 'furimaController': Lookup method resolution failed
	at org.springframework.beans.factory.annotation.AutowiredAnnotationBeanPostProcessor.checkLookupMethods(AutowiredAnnotationBeanPostProcessor.java:497) ~[spring-beans-6.1.8.jar:6.1.8]
	at org.springframework.beans.factory.annotation.AutowiredAnnotationBeanPostProcessor.determineCandidateConstructors(AutowiredAnnotationBeanPostProcessor.java:367) ~[spring-beans-6.1.8.jar:6.1.8]
	at org.springframework.beans.factory.support.AbstractAutowireCapableBeanFactory.determineConstructorsFromBeanPostProcessors(AbstractAutowireCapableBeanFactory.java:1296) ~[spring-beans-6.1.8.jar:6.1.8]
	at org.springframework.beans.factory.support.AbstractAutowireCapableBeanFactory.createBeanInstance(AbstractAutowireCapableBeanFactory.java:1191) ~[spring-beans-6.1.8.jar:6.1.8]
	at org.springframework.beans.factory.support.AbstractAutowireCapableBeanFactory.doCreateBean(AbstractAutowireCapableBeanFactory.java:562) ~[spring-beans-6.1.8.jar:6.1.8]
	at org.springframework.beans.factory.support.AbstractAutowireCapableBeanFactory.createBean(AbstractAutowireCapableBeanFactory.java:522) ~[spring-beans-6.1.8.jar:6.1.8]
	at org.springframework.beans.factory.support.AbstractBeanFactory.lambda$doGetBean$0(AbstractBeanFactory.java:337) ~[spring-beans-6.1.8.jar:6.1.8]
	at org.springframework.beans.factory.support.DefaultSingletonBeanRegistry.getSingleton(DefaultSingletonBeanRegistry.java:234) ~[spring-beans-6.1.8.jar:6.1.8]
	at org.springframework.beans.factory.support.AbstractBeanFactory.doGetBean(AbstractBeanFactory.java:335) ~[spring-beans-6.1.8.jar:6.1.8]
	at org.springframework.beans.factory.support.AbstractBeanFactory.getBean(AbstractBeanFactory.java:200) ~[spring-beans-6.1.8.jar:6.1.8]
	at org.springframework.beans.factory.support.DefaultListableBeanFactory.preInstantiateSingletons(DefaultListableBeanFactory.java:975) ~[spring-beans-6.1.8.jar:6.1.8]
	at org.springframework.context.support.AbstractApplicationContext.finishBeanFactoryInitialization(AbstractApplicationContext.java:962) ~[spring-context-6.1.8.jar:6.1.8]
	at org.springframework.context.support.AbstractApplicationContext.refresh(AbstractApplicationContext.java:624) ~[spring-context-6.1.8.jar:6.1.8]
	at org.springframework.boot.web.servlet.context.ServletWebServerApplicationContext.refresh(ServletWebServerApplicationContext.java:146) ~[spring-boot-3.2.6.jar:3.2.6]
	at org.springframework.boot.SpringApplication.refresh(SpringApplication.java:754) ~[spring-boot-3.2.6.jar:3.2.6]
	at org.springframework.boot.SpringApplication.refreshContext(SpringApplication.java:456) ~[spring-boot-3.2.6.jar:3.2.6]
	at org.springframework.boot.SpringApplication.run(SpringApplication.java:335) ~[spring-boot-3.2.6.jar:3.2.6]
	at org.springframework.boot.SpringApplication.run(SpringApplication.java:1363) ~[spring-boot-3.2.6.jar:3.2.6]
	at org.springframework.boot.SpringApplication.run(SpringApplication.java:1352) ~[spring-boot-3.2.6.jar:3.2.6]
	at solekia.CtoC.CtoCApplication.main(CtoCApplication.java:10) ~[main/:na]
	at java.base/jdk.internal.reflect.DirectMethodHandleAccessor.invoke(DirectMethodHandleAccessor.java:103) ~[na:na]
	at java.base/java.lang.reflect.Method.invoke(Method.java:580) ~[na:na]
	at org.springframework.boot.devtools.restart.RestartLauncher.run(RestartLauncher.java:50) ~[spring-boot-devtools-3.2.6.jar:3.2.6]
Caused by: java.lang.IllegalStateException: Failed to introspect Class [solekia.CtoC.controller.FurimaController] from ClassLoader [org.springframework.boot.devtools.restart.classloader.RestartClassLoader@30b9ec9a]
	at org.springframework.util.ReflectionUtils.getDeclaredMethods(ReflectionUtils.java:483) ~[spring-core-6.1.8.jar:6.1.8]
	at org.springframework.util.ReflectionUtils.doWithLocalMethods(ReflectionUtils.java:320) ~[spring-core-6.1.8.jar:6.1.8]
	at org.springframework.beans.factory.annotation.AutowiredAnnotationBeanPostProcessor.checkLookupMethods(AutowiredAnnotationBeanPostProcessor.java:475) ~[spring-beans-6.1.8.jar:6.1.8]
	... 22 common frames omitted
Caused by: java.lang.NoClassDefFoundError: FurimaPageModel
	at java.base/java.lang.Class.getDeclaredMethods0(Native Method) ~[na:na]
	at java.base/java.lang.Class.privateGetDeclaredMethods(Class.java:3578) ~[na:na]
	at java.base/java.lang.Class.getDeclaredMethods(Class.java:2676) ~[na:na]
	at org.springframework.util.ReflectionUtils.getDeclaredMethods(ReflectionUtils.java:465) ~[spring-core-6.1.8.jar:6.1.8]
	... 24 common frames omitted
Caused by: java.lang.ClassNotFoundException: FurimaPageModel
	at java.base/jdk.internal.loader.BuiltinClassLoader.loadClass(BuiltinClassLoader.java:641) ~[na:na]
	at java.base/jdk.internal.loader.ClassLoaders$AppClassLoader.loadClass(ClassLoaders.java:188) ~[na:na]
	at java.base/java.lang.ClassLoader.loadClass(ClassLoader.java:526) ~[na:na]
	at java.base/java.lang.Class.forName0(Native Method) ~[na:na]
	at java.base/java.lang.Class.forName(Class.java:534) ~[na:na]
	at java.base/java.lang.Class.forName(Class.java:513) ~[na:na]
	at org.springframework.boot.devtools.restart.classloader.RestartClassLoader.loadClass(RestartClassLoader.java:121) ~[spring-boot-devtools-3.2.6.jar:3.2.6]
	at java.base/java.lang.ClassLoader.loadClass(ClassLoader.java:526) ~[na:na]
	... 28 common frames omitted

2024-06-03T13:36:38.793+09:00  INFO 14584 --- [restartedMain] solekia.CtoC.CtoCApplication             : Starting CtoCApplication using Java 21.0.3 with PID 14584 (C:\Users\3004\Desktop\CtoC\CtoC\bin\main started by 3004 in C:\Users\3004\Desktop\CtoC\CtoC)
2024-06-03T13:36:38.795+09:00 DEBUG 14584 --- [restartedMain] solekia.CtoC.CtoCApplication             : Running with Spring Boot v3.2.6, Spring v6.1.8
2024-06-03T13:36:38.796+09:00  INFO 14584 --- [restartedMain] solekia.CtoC.CtoCApplication             : No active profile set, falling back to 1 default profile: "default"
2024-06-03T13:36:38.950+09:00  INFO 14584 --- [restartedMain] .s.d.r.c.RepositoryConfigurationDelegate : Bootstrapping Spring Data JDBC repositories in DEFAULT mode.
2024-06-03T13:36:38.953+09:00  INFO 14584 --- [restartedMain] .s.d.r.c.RepositoryConfigurationDelegate : Finished Spring Data repository scanning in 1 ms. Found 0 JDBC repository interfaces.
2024-06-03T13:36:38.994+09:00  WARN 14584 --- [restartedMain] o.m.s.mapper.ClassPathMapperScanner      : No MyBatis mapper was found in '[solekia.CtoC]' package. Please check your configuration.
2024-06-03T13:36:39.004+09:00  INFO 14584 --- [restartedMain] o.s.cloud.context.scope.GenericScope     : BeanFactory id=64b29f88-b532-3ac2-84f6-0ca3cd6778df
2024-06-03T13:36:39.032+09:00  INFO 14584 --- [restartedMain] o.s.b.w.embedded.tomcat.TomcatWebServer  : Tomcat initialized with port 8080 (http)
2024-06-03T13:36:39.034+09:00  INFO 14584 --- [restartedMain] o.apache.catalina.core.StandardService   : Starting service [Tomcat]
2024-06-03T13:36:39.034+09:00  INFO 14584 --- [restartedMain] o.apache.catalina.core.StandardEngine    : Starting Servlet engine: [Apache Tomcat/10.1.24]
2024-06-03T13:36:39.046+09:00  INFO 14584 --- [restartedMain] o.a.c.c.C.[Tomcat-6].[localhost].[/]     : Initializing Spring embedded WebApplicationContext
2024-06-03T13:36:39.047+09:00  INFO 14584 --- [restartedMain] w.s.c.ServletWebServerApplicationContext : Root WebApplicationContext: initialization completed in 246 ms
2024-06-03T13:36:39.055+09:00  WARN 14584 --- [restartedMain] ConfigServletWebServerApplicationContext : Exception encountered during context initialization - cancelling refresh attempt: org.springframework.beans.factory.BeanCreationException: Error creating bean with name 'furimaController': Lookup method resolution failed
2024-06-03T13:36:39.056+09:00  INFO 14584 --- [restartedMain] o.apache.catalina.core.StandardService   : Stopping service [Tomcat]
2024-06-03T13:36:39.059+09:00  INFO 14584 --- [restartedMain] .s.b.a.l.ConditionEvaluationReportLogger : 

Error starting ApplicationContext. To display the condition evaluation report re-run your application with 'debug' enabled.
2024-06-03T13:36:39.063+09:00 ERROR 14584 --- [restartedMain] o.s.boot.SpringApplication               : Application run failed

org.springframework.beans.factory.BeanCreationException: Error creating bean with name 'furimaController': Lookup method resolution failed
	at org.springframework.beans.factory.annotation.AutowiredAnnotationBeanPostProcessor.checkLookupMethods(AutowiredAnnotationBeanPostProcessor.java:497) ~[spring-beans-6.1.8.jar:6.1.8]
	at org.springframework.beans.factory.annotation.AutowiredAnnotationBeanPostProcessor.determineCandidateConstructors(AutowiredAnnotationBeanPostProcessor.java:367) ~[spring-beans-6.1.8.jar:6.1.8]
	at org.springframework.beans.factory.support.AbstractAutowireCapableBeanFactory.determineConstructorsFromBeanPostProcessors(AbstractAutowireCapableBeanFactory.java:1296) ~[spring-beans-6.1.8.jar:6.1.8]
	at org.springframework.beans.factory.support.AbstractAutowireCapableBeanFactory.createBeanInstance(AbstractAutowireCapableBeanFactory.java:1191) ~[spring-beans-6.1.8.jar:6.1.8]
	at org.springframework.beans.factory.support.AbstractAutowireCapableBeanFactory.doCreateBean(AbstractAutowireCapableBeanFactory.java:562) ~[spring-beans-6.1.8.jar:6.1.8]
	at org.springframework.beans.factory.support.AbstractAutowireCapableBeanFactory.createBean(AbstractAutowireCapableBeanFactory.java:522) ~[spring-beans-6.1.8.jar:6.1.8]
	at org.springframework.beans.factory.support.AbstractBeanFactory.lambda$doGetBean$0(AbstractBeanFactory.java:337) ~[spring-beans-6.1.8.jar:6.1.8]
	at org.springframework.beans.factory.support.DefaultSingletonBeanRegistry.getSingleton(DefaultSingletonBeanRegistry.java:234) ~[spring-beans-6.1.8.jar:6.1.8]
	at org.springframework.beans.factory.support.AbstractBeanFactory.doGetBean(AbstractBeanFactory.java:335) ~[spring-beans-6.1.8.jar:6.1.8]
	at org.springframework.beans.factory.support.AbstractBeanFactory.getBean(AbstractBeanFactory.java:200) ~[spring-beans-6.1.8.jar:6.1.8]
	at org.springframework.beans.factory.support.DefaultListableBeanFactory.preInstantiateSingletons(DefaultListableBeanFactory.java:975) ~[spring-beans-6.1.8.jar:6.1.8]
	at org.springframework.context.support.AbstractApplicationContext.finishBeanFactoryInitialization(AbstractApplicationContext.java:962) ~[spring-context-6.1.8.jar:6.1.8]
	at org.springframework.context.support.AbstractApplicationContext.refresh(AbstractApplicationContext.java:624) ~[spring-context-6.1.8.jar:6.1.8]
	at org.springframework.boot.web.servlet.context.ServletWebServerApplicationContext.refresh(ServletWebServerApplicationContext.java:146) ~[spring-boot-3.2.6.jar:3.2.6]
	at org.springframework.boot.SpringApplication.refresh(SpringApplication.java:754) ~[spring-boot-3.2.6.jar:3.2.6]
	at org.springframework.boot.SpringApplication.refreshContext(SpringApplication.java:456) ~[spring-boot-3.2.6.jar:3.2.6]
	at org.springframework.boot.SpringApplication.run(SpringApplication.java:335) ~[spring-boot-3.2.6.jar:3.2.6]
	at org.springframework.boot.SpringApplication.run(SpringApplication.java:1363) ~[spring-boot-3.2.6.jar:3.2.6]
	at org.springframework.boot.SpringApplication.run(SpringApplication.java:1352) ~[spring-boot-3.2.6.jar:3.2.6]
	at solekia.CtoC.CtoCApplication.main(CtoCApplication.java:10) ~[main/:na]
	at java.base/jdk.internal.reflect.DirectMethodHandleAccessor.invoke(DirectMethodHandleAccessor.java:103) ~[na:na]
	at java.base/java.lang.reflect.Method.invoke(Method.java:580) ~[na:na]
	at org.springframework.boot.devtools.restart.RestartLauncher.run(RestartLauncher.java:50) ~[spring-boot-devtools-3.2.6.jar:3.2.6]
Caused by: java.lang.IllegalStateException: Failed to introspect Class [solekia.CtoC.controller.FurimaController] from ClassLoader [org.springframework.boot.devtools.restart.classloader.RestartClassLoader@78dfd7ea]
	at org.springframework.util.ReflectionUtils.getDeclaredMethods(ReflectionUtils.java:483) ~[spring-core-6.1.8.jar:6.1.8]
	at org.springframework.util.ReflectionUtils.doWithLocalMethods(ReflectionUtils.java:320) ~[spring-core-6.1.8.jar:6.1.8]
	at org.springframework.beans.factory.annotation.AutowiredAnnotationBeanPostProcessor.checkLookupMethods(AutowiredAnnotationBeanPostProcessor.java:475) ~[spring-beans-6.1.8.jar:6.1.8]
	... 22 common frames omitted
Caused by: java.lang.NoClassDefFoundError: FurimaPageModel
	at java.base/java.lang.Class.getDeclaredMethods0(Native Method) ~[na:na]
	at java.base/java.lang.Class.privateGetDeclaredMethods(Class.java:3578) ~[na:na]
	at java.base/java.lang.Class.getDeclaredMethods(Class.java:2676) ~[na:na]
	at org.springframework.util.ReflectionUtils.getDeclaredMethods(ReflectionUtils.java:465) ~[spring-core-6.1.8.jar:6.1.8]
	... 24 common frames omitted
Caused by: java.lang.ClassNotFoundException: FurimaPageModel
	at java.base/jdk.internal.loader.BuiltinClassLoader.loadClass(BuiltinClassLoader.java:641) ~[na:na]
	at java.base/jdk.internal.loader.ClassLoaders$AppClassLoader.loadClass(ClassLoaders.java:188) ~[na:na]
	at java.base/java.lang.ClassLoader.loadClass(ClassLoader.java:526) ~[na:na]
	at java.base/java.lang.Class.forName0(Native Method) ~[na:na]
	at java.base/java.lang.Class.forName(Class.java:534) ~[na:na]
	at java.base/java.lang.Class.forName(Class.java:513) ~[na:na]
	at org.springframework.boot.devtools.restart.classloader.RestartClassLoader.loadClass(RestartClassLoader.java:121) ~[spring-boot-devtools-3.2.6.jar:3.2.6]
	at java.base/java.lang.ClassLoader.loadClass(ClassLoader.java:526) ~[na:na]
	... 28 common frames omitted

2024-06-03T13:42:21.047+09:00  INFO 14584 --- [restartedMain] solekia.CtoC.CtoCApplication             : Starting CtoCApplication using Java 21.0.3 with PID 14584 (C:\Users\3004\Desktop\CtoC\CtoC\bin\main started by 3004 in C:\Users\3004\Desktop\CtoC\CtoC)
2024-06-03T13:42:21.048+09:00 DEBUG 14584 --- [restartedMain] solekia.CtoC.CtoCApplication             : Running with Spring Boot v3.2.6, Spring v6.1.8
2024-06-03T13:42:21.049+09:00  INFO 14584 --- [restartedMain] solekia.CtoC.CtoCApplication             : No active profile set, falling back to 1 default profile: "default"
2024-06-03T13:42:21.237+09:00  INFO 14584 --- [restartedMain] .s.d.r.c.RepositoryConfigurationDelegate : Bootstrapping Spring Data JDBC repositories in DEFAULT mode.
2024-06-03T13:42:21.240+09:00  INFO 14584 --- [restartedMain] .s.d.r.c.RepositoryConfigurationDelegate : Finished Spring Data repository scanning in 1 ms. Found 0 JDBC repository interfaces.
2024-06-03T13:42:21.272+09:00  WARN 14584 --- [restartedMain] o.m.s.mapper.ClassPathMapperScanner      : No MyBatis mapper was found in '[solekia.CtoC]' package. Please check your configuration.
2024-06-03T13:42:21.293+09:00  INFO 14584 --- [restartedMain] o.s.cloud.context.scope.GenericScope     : BeanFactory id=64b29f88-b532-3ac2-84f6-0ca3cd6778df
2024-06-03T13:42:21.338+09:00  INFO 14584 --- [restartedMain] o.s.b.w.embedded.tomcat.TomcatWebServer  : Tomcat initialized with port 8080 (http)
2024-06-03T13:42:21.340+09:00  INFO 14584 --- [restartedMain] o.apache.catalina.core.StandardService   : Starting service [Tomcat]
2024-06-03T13:42:21.341+09:00  INFO 14584 --- [restartedMain] o.apache.catalina.core.StandardEngine    : Starting Servlet engine: [Apache Tomcat/10.1.24]
2024-06-03T13:42:21.354+09:00  INFO 14584 --- [restartedMain] o.a.c.c.C.[Tomcat-7].[localhost].[/]     : Initializing Spring embedded WebApplicationContext
2024-06-03T13:42:21.355+09:00  INFO 14584 --- [restartedMain] w.s.c.ServletWebServerApplicationContext : Root WebApplicationContext: initialization completed in 303 ms
2024-06-03T13:42:21.372+09:00  WARN 14584 --- [restartedMain] ConfigServletWebServerApplicationContext : Exception encountered during context initialization - cancelling refresh attempt: org.springframework.beans.factory.UnsatisfiedDependencyException: Error creating bean with name 'furimaController': Unsatisfied dependency expressed through field 'furimaMapper': No qualifying bean of type 'solekia.CtoC.repository.FurimaMapper' available: expected at least 1 bean which qualifies as autowire candidate. Dependency annotations: {@org.springframework.beans.factory.annotation.Autowired(required=true)}
2024-06-03T13:42:21.374+09:00  INFO 14584 --- [restartedMain] o.apache.catalina.core.StandardService   : Stopping service [Tomcat]
2024-06-03T13:42:21.380+09:00  INFO 14584 --- [restartedMain] .s.b.a.l.ConditionEvaluationReportLogger : 

Error starting ApplicationContext. To display the condition evaluation report re-run your application with 'debug' enabled.
2024-06-03T13:42:21.389+09:00 ERROR 14584 --- [restartedMain] o.s.b.d.LoggingFailureAnalysisReporter   : 

***************************
APPLICATION FAILED TO START
***************************

Description:

Field furimaMapper in solekia.CtoC.controller.FurimaController required a bean of type 'solekia.CtoC.repository.FurimaMapper' that could not be found.

The injection point has the following annotations:
	- @org.springframework.beans.factory.annotation.Autowired(required=true)


Action:

Consider defining a bean of type 'solekia.CtoC.repository.FurimaMapper' in your configuration.

2024-06-03T13:46:24.343+09:00  INFO 10512 --- [restartedMain] solekia.CtoC.CtoCApplication             : Starting CtoCApplication using Java 21.0.3 with PID 10512 (C:\Users\3004\Desktop\CtoC\CtoC\bin\main started by 3004 in C:\Users\3004\Desktop\CtoC\CtoC)
2024-06-03T13:46:24.345+09:00 DEBUG 10512 --- [restartedMain] solekia.CtoC.CtoCApplication             : Running with Spring Boot v3.2.6, Spring v6.1.8
2024-06-03T13:46:24.347+09:00  INFO 10512 --- [restartedMain] solekia.CtoC.CtoCApplication             : No active profile set, falling back to 1 default profile: "default"
2024-06-03T13:46:24.400+09:00  INFO 10512 --- [restartedMain] .e.DevToolsPropertyDefaultsPostProcessor : Devtools property defaults active! Set 'spring.devtools.add-properties' to 'false' to disable
2024-06-03T13:46:24.401+09:00  INFO 10512 --- [restartedMain] .e.DevToolsPropertyDefaultsPostProcessor : For additional web related logging consider setting the 'logging.level.web' property to 'DEBUG'
2024-06-03T13:46:25.345+09:00  INFO 10512 --- [restartedMain] .s.d.r.c.RepositoryConfigurationDelegate : Bootstrapping Spring Data JDBC repositories in DEFAULT mode.
2024-06-03T13:46:25.358+09:00  INFO 10512 --- [restartedMain] .s.d.r.c.RepositoryConfigurationDelegate : Finished Spring Data repository scanning in 7 ms. Found 0 JDBC repository interfaces.
2024-06-03T13:46:25.556+09:00  WARN 10512 --- [restartedMain] o.m.s.mapper.ClassPathMapperScanner      : No MyBatis mapper was found in '[solekia.CtoC]' package. Please check your configuration.
2024-06-03T13:46:25.650+09:00  INFO 10512 --- [restartedMain] o.s.cloud.context.scope.GenericScope     : BeanFactory id=64b29f88-b532-3ac2-84f6-0ca3cd6778df
2024-06-03T13:46:26.270+09:00  INFO 10512 --- [restartedMain] o.s.b.w.embedded.tomcat.TomcatWebServer  : Tomcat initialized with port 8080 (http)
2024-06-03T13:46:26.284+09:00  INFO 10512 --- [restartedMain] o.apache.catalina.core.StandardService   : Starting service [Tomcat]
2024-06-03T13:46:26.285+09:00  INFO 10512 --- [restartedMain] o.apache.catalina.core.StandardEngine    : Starting Servlet engine: [Apache Tomcat/10.1.24]
2024-06-03T13:46:26.336+09:00  INFO 10512 --- [restartedMain] o.a.c.c.C.[Tomcat].[localhost].[/]       : Initializing Spring embedded WebApplicationContext
2024-06-03T13:46:26.338+09:00  INFO 10512 --- [restartedMain] w.s.c.ServletWebServerApplicationContext : Root WebApplicationContext: initialization completed in 1935 ms
2024-06-03T13:46:26.465+09:00  WARN 10512 --- [restartedMain] ConfigServletWebServerApplicationContext : Exception encountered during context initialization - cancelling refresh attempt: org.springframework.beans.factory.UnsatisfiedDependencyException: Error creating bean with name 'furimaController': Unsatisfied dependency expressed through field 'furimaMapper': No qualifying bean of type 'solekia.CtoC.repository.FurimaMapper' available: expected at least 1 bean which qualifies as autowire candidate. Dependency annotations: {@org.springframework.beans.factory.annotation.Autowired(required=true)}
2024-06-03T13:46:26.473+09:00  INFO 10512 --- [restartedMain] o.apache.catalina.core.StandardService   : Stopping service [Tomcat]
2024-06-03T13:46:26.505+09:00  INFO 10512 --- [restartedMain] .s.b.a.l.ConditionEvaluationReportLogger : 

Error starting ApplicationContext. To display the condition evaluation report re-run your application with 'debug' enabled.
2024-06-03T13:46:26.552+09:00 ERROR 10512 --- [restartedMain] o.s.b.d.LoggingFailureAnalysisReporter   : 

***************************
APPLICATION FAILED TO START
***************************

Description:

Field furimaMapper in solekia.CtoC.controller.FurimaController required a bean of type 'solekia.CtoC.repository.FurimaMapper' that could not be found.

The injection point has the following annotations:
	- @org.springframework.beans.factory.annotation.Autowired(required=true)


Action:

Consider defining a bean of type 'solekia.CtoC.repository.FurimaMapper' in your configuration.

